<?xml version="1.0" encoding="UTF-8"?>
<!-- Generated by org.testng.reporters.JUnitReportReporter -->
<testsuite hostname="DESKTOP-TSMDBLK" failures="0" tests="1" name="flipkart_may15.FaceBook_NewAccountTest" time="6.642" errors="0" timestamp="2021-05-22T13:20:35 IST" skipped="0">
  <testcase classname="flipkart_may15.FaceBook_NewAccountTest" name="facebookNewAccountTest" time="6.642"/>
  <system-out/>
</testsuite> <!-- flipkart_may15.FaceBook_NewAccountTest -->
