<?xml version="1.0" encoding="UTF-8"?>
<!-- Generated by org.testng.reporters.JUnitReportReporter -->
<testsuite skipped="0" hostname="DESKTOP-MP9K177" name="flipkart_may15.COA_RadioButton" tests="1" failures="0" timestamp="2021-05-23T16:40:29 IST" time="13.469" errors="0">
  <testcase name="coaTestRadioButton" time="13.469" classname="flipkart_may15.COA_RadioButton"/>
  <system-out/>
</testsuite> <!-- flipkart_may15.COA_RadioButton -->
