<?xml version="1.0" encoding="UTF-8"?>
<!-- Generated by org.testng.reporters.JUnitReportReporter -->
<<<<<<< HEAD
<<<<<<< HEAD
<testsuite hostname="Kamal-PC1" failures="0" tests="1" name="flipkart_may15.FaceBook_NewAccountTest" time="11.089" errors="0" timestamp="2021-05-22T15:53:34 IST" skipped="0">
  <testcase classname="flipkart_may15.FaceBook_NewAccountTest" name="facebookNewAccountTest" time="11.089"/>
=======
<testsuite skipped="0" hostname="DESKTOP-MP9K177" name="flipkart_may15.FaceBook_NewAccountTest" tests="1" failures="0" timestamp="2021-05-22T15:43:59 IST" time="10.618" errors="0">
  <testcase name="facebookNewAccountTest" time="10.618" classname="flipkart_may15.FaceBook_NewAccountTest"/>
>>>>>>> 82f6b1eb4d75d22b9370b844a622c6b22af9cbbd
=======
<testsuite hostname="DESKTOP-QNKS6OV" failures="0" tests="1" name="flipkart_may15.FaceBook_NewAccountTest" time="33.604" errors="0" timestamp="2021-05-22T21:57:07 IST" skipped="0">
  <testcase classname="flipkart_may15.FaceBook_NewAccountTest" name="facebookNewAccountTest" time="33.604"/>
=======
<testsuite skipped="0" hostname="DESKTOP-MP9K177" name="flipkart_may15.FaceBook_NewAccountTest" tests="1" failures="0" timestamp="2021-05-22T15:43:59 IST" time="10.618" errors="0">
  <testcase name="facebookNewAccountTest" time="10.618" classname="flipkart_may15.FaceBook_NewAccountTest"/>
>>>>>>> 1e043ad2858173b1622b234181da9e1e4a6cf63b
>>>>>>> f9c83dc8735292b8ed2dd70fe5205be04bcf356c
  <system-out/>
</testsuite> <!-- flipkart_may15.FaceBook_NewAccountTest -->
