<?xml version="1.0" encoding="UTF-8"?>
<!-- Generated by org.testng.reporters.JUnitReportReporter -->
<<<<<<< HEAD
<testsuite hostname="DESKTOP-TSMDBLK" failures="0" tests="1" name="flipkart_may15.FaceBook_NewAccountTest" time="6.642" errors="0" timestamp="2021-05-22T13:20:35 IST" skipped="0">
  <testcase classname="flipkart_may15.FaceBook_NewAccountTest" name="facebookNewAccountTest" time="6.642"/>
=======
<testsuite skipped="0" hostname="DESKTOP-MP9K177" name="flipkart_may15.FaceBook_NewAccountTest" tests="1" failures="0" timestamp="2021-05-22T15:43:59 IST" time="10.618" errors="0">
  <testcase name="facebookNewAccountTest" time="10.618" classname="flipkart_may15.FaceBook_NewAccountTest"/>
>>>>>>> 82f6b1eb4d75d22b9370b844a622c6b22af9cbbd
  <system-out/>
</testsuite> <!-- flipkart_may15.FaceBook_NewAccountTest -->
