<?xml version="1.0" encoding="UTF-8"?>
<!-- Generated by org.testng.reporters.JUnitReportReporter -->
<testsuite hostname="CTNL1320" failures="0" tests="1" name="flipkart_may15.SearchItems" time="19.515" errors="0" timestamp="2021-05-15T17:37:18 IST" skipped="0">
  <testcase classname="flipkart_may15.SearchItems" name="testSearchItems" time="19.515"/>
  <system-out/>
</testsuite> <!-- flipkart_may15.SearchItems -->
