<?xml version="1.0" encoding="UTF-8"?>
<!-- Generated by org.testng.reporters.JUnitReportReporter -->
<testsuite skipped="0" hostname="DESKTOP-MP9K177" name="flipkart_may15.FaceBook_NewAccountTest" tests="1" failures="0" timestamp="2021-05-22T15:43:59 IST" time="10.618" errors="0">
  <testcase name="facebookNewAccountTest" time="10.618" classname="flipkart_may15.FaceBook_NewAccountTest"/>
  <system-out/>
</testsuite> <!-- flipkart_may15.FaceBook_NewAccountTest -->
