<?xml version="1.0" encoding="UTF-8"?>
<!-- Generated by org.testng.reporters.JUnitReportReporter -->
<testsuite hostname="Kamal-PC1" failures="0" tests="1" name="org.assignment.project.Snapdeal" time="17.311" errors="0" timestamp="2021-05-29T13:11:29 IST" skipped="0">
  <testcase classname="org.assignment.project.Snapdeal" name="Snapdeallogin" time="17.311"/>
  <system-out/>
</testsuite> <!-- org.assignment.project.Snapdeal -->
