<?xml version="1.0" encoding="UTF-8"?>
<!-- Generated by org.testng.reporters.JUnitReportReporter -->
<testsuite skipped="0" hostname="DESKTOP-MP9K177" name="may23.HandleAjaxListTest" tests="1" failures="0" timestamp="2021-05-23T17:21:36 IST" time="9.815" errors="0">
  <testcase name="handleAjaxList" time="9.815" classname="may23.HandleAjaxListTest"/>
  <system-out/>
</testsuite> <!-- may23.HandleAjaxListTest -->
