<?xml version="1.0" encoding="UTF-8"?>
<!-- Generated by org.testng.reporters.JUnitReportReporter -->
<testsuite hostname="DESKTOP-QNKS6OV" failures="0" tests="1" name="baesystems11g.MegaMenuTest" time="34.928" errors="0" timestamp="2021-05-27T23:49:31 IST" skipped="0">
  <testcase classname="baesystems11g.MegaMenuTest" name="whatwedomenuitem" time="34.928"/>
  <system-out/>
</testsuite> <!-- baesystems11g.MegaMenuTest -->
