<?xml version="1.0" encoding="UTF-8"?>
<!-- Generated by org.testng.reporters.JUnitReportReporter -->
<testsuite hostname="DESKTOP-TSMDBLK" failures="0" tests="1" name="flipkart_may15.SearchItems" time="13.961" errors="0" timestamp="2021-05-15T17:40:03 IST" skipped="0">
  <testcase classname="flipkart_may15.SearchItems" name="testSearchItems" time="13.961"/>
  <system-out/>
</testsuite> <!-- flipkart_may15.SearchItems -->
