<?xml version="1.0" encoding="UTF-8"?>
<!-- Generated by org.testng.reporters.JUnitReportReporter -->
<testsuite skipped="0" hostname="DESKTOP-MP9K177" name="flipkart_may15.SearchItems" tests="1" failures="0" timestamp="2021-05-15T15:51:04 IST" time="15.564" errors="0">
  <testcase name="testSearchItems" time="15.564" classname="flipkart_may15.SearchItems"/>
  <system-out/>
</testsuite> <!-- flipkart_may15.SearchItems -->
