<?xml version="1.0" encoding="UTF-8"?>
<!-- Generated by org.testng.reporters.JUnitReportReporter -->
<testsuite hostname="CTNL1320" failures="0" tests="1" name="may23.Snapdeel" time="17.516" errors="0" timestamp="2021-05-28T00:14:31 IST" skipped="0">
  <testcase classname="may23.Snapdeel" name="enterMobileNumber" time="17.516"/>
  <system-out/>
</testsuite> <!-- may23.Snapdeel -->
