<?xml version="1.0" encoding="UTF-8"?>
<!-- Generated by org.testng.reporters.JUnitReportReporter -->
<testsuite hostname="DESKTOP-QNKS6OV" failures="0" tests="1" name="flipkart_may15.FaceBook_NewAccountTest" time="33.604" errors="0" timestamp="2021-05-22T21:57:07 IST" skipped="0">
  <testcase classname="flipkart_may15.FaceBook_NewAccountTest" name="facebookNewAccountTest" time="33.604"/>
  <system-out/>
</testsuite> <!-- flipkart_may15.FaceBook_NewAccountTest -->
