<?xml version="1.0" encoding="UTF-8"?>
<!-- Generated by org.testng.reporters.JUnitReportReporter -->
<testsuite skipped="0" hostname="DESKTOP-MP9K177" name="may22.MouseOverTest" tests="1" failures="0" timestamp="2021-05-22T16:05:51 IST" time="9.717" errors="0">
  <testcase name="mouseOverTest" time="9.717" classname="may22.MouseOverTest"/>
  <system-out/>
</testsuite> <!-- may22.MouseOverTest -->
