<?xml version="1.0" encoding="UTF-8"?>
<!-- Generated by org.testng.reporters.JUnitReportReporter -->
<testsuite hostname="DESKTOP-QNKS6OV" failures="0" tests="1" name="baesystems11g.RFSearchTest" time="65.451" errors="0" timestamp="2021-05-19T23:02:43 IST" skipped="0">
  <testcase classname="baesystems11g.RFSearchTest" name="pagecheck" time="65.451"/>
  <system-out/>
</testsuite> <!-- baesystems11g.RFSearchTest -->
