<?xml version="1.0" encoding="UTF-8"?>
<!-- Generated by org.testng.reporters.JUnitReportReporter -->
<testsuite hostname="DESKTOP-QNKS6OV" failures="0" tests="1" name="flipkart_may15.COA_RadioButton" time="35.372" errors="0" timestamp="2021-05-16T19:29:49 IST" skipped="0">
  <testcase classname="flipkart_may15.COA_RadioButton" name="coaTestRadioButton" time="35.372"/>
  <system-out/>
</testsuite> <!-- flipkart_may15.COA_RadioButton -->
