<?xml version="1.0" encoding="UTF-8"?>
<!-- Generated by org.testng.reporters.JUnitReportReporter -->
<testsuite hostname="CTNL1320" failures="0" tests="1" name="may23.CheapOair" time="31.237" errors="0" timestamp="2021-05-24T03:45:43 IST" skipped="0">
  <testcase classname="may23.CheapOair" name="fromWhere" time="31.237"/>
  <system-out/>
</testsuite> <!-- may23.CheapOair -->
