<?xml version="1.0" encoding="UTF-8"?>
<!-- Generated by org.testng.reporters.JUnitReportReporter -->
<testsuite skipped="0" hostname="DESKTOP-MP9K177" name="org.projectName.com.SearchTest" tests="1" failures="0" timestamp="2021-05-08T16:02:42 IST" time="13.073" errors="0">
  <testcase name="testSearchFunctionality" time="13.073" classname="org.projectName.com.SearchTest"/>
  <system-out/>
</testsuite> <!-- org.projectName.com.SearchTest -->
