<?xml version="1.0" encoding="UTF-8"?>
<!-- Generated by org.testng.reporters.JUnitReportReporter -->
<testsuite hostname="CTNL1320" failures="0" tests="1" name="flipkart_may15.FSI" time="65.015" errors="0" timestamp="2021-05-23T00:06:43 IST" skipped="0">
  <testcase classname="flipkart_may15.FSI" name="Webapp" time="65.015"/>
  <system-out/>
</testsuite> <!-- flipkart_may15.FSI -->
