<?xml version="1.0" encoding="UTF-8"?>
<!-- Generated by org.testng.reporters.JUnitReportReporter -->
<<<<<<< HEAD
<testsuite hostname="DESKTOP-QNKS6OV" failures="0" tests="1" name="flipkart_may15.SearchItems" time="27.061" errors="0" timestamp="2021-05-15T23:00:48 IST" skipped="0">
  <testcase classname="flipkart_may15.SearchItems" name="testSearchItems" time="27.061"/>
=======
<testsuite skipped="0" hostname="DESKTOP-MP9K177" name="flipkart_may15.SearchItems" tests="1" failures="0" timestamp="2021-05-16T15:35:00 IST" time="58.247" errors="0">
  <testcase name="testSearchItems" time="58.247" classname="flipkart_may15.SearchItems"/>
>>>>>>> dcb175cb36e894fcb7a41bdd638ca5d2d0966565
  <system-out/>
</testsuite> <!-- flipkart_may15.SearchItems -->
