<?xml version="1.0" encoding="UTF-8"?>
<!-- Generated by org.testng.reporters.JUnitReportReporter -->
<testsuite hostname="CTNL1320" failures="0" tests="1" name="may22.MouseOverTest" time="10.552" errors="0" timestamp="2021-05-24T01:41:42 IST" skipped="0">
  <testcase classname="may22.MouseOverTest" name="mouseOverTest" time="10.552"/>
  <system-out/>
</testsuite> <!-- may22.MouseOverTest -->
