<?xml version="1.0" encoding="UTF-8"?>
<!-- Generated by org.testng.reporters.JUnitReportReporter -->
<testsuite hostname="CTNL1320" failures="0" tests="1" name="flipkart_may15.COA_RadioButton" time="11.818" errors="0" timestamp="2021-05-18T13:08:03 IST" skipped="0">
  <testcase classname="flipkart_may15.COA_RadioButton" name="coaTestRadioButton" time="11.818"/>
  <system-out/>
</testsuite> <!-- flipkart_may15.COA_RadioButton -->
