<?xml version="1.0" encoding="UTF-8"?>
<!-- Generated by org.testng.reporters.JUnitReportReporter -->
<testsuite skipped="0" hostname="DESKTOP-MP9K177" name="flipkart_may15.LoginTest" tests="1" failures="0" timestamp="2021-05-16T16:02:20 IST" time="14.187" errors="0">
  <testcase name="loginTest" time="14.187" classname="flipkart_may15.LoginTest"/>
  <system-out/>
</testsuite> <!-- flipkart_may15.LoginTest -->
