<?xml version="1.0" encoding="UTF-8"?>
<!-- Generated by org.testng.reporters.JUnitReportReporter -->
<testsuite skipped="0" hostname="DESKTOP-MP9K177" name="may22.UseKeyBoardTest" tests="1" failures="0" timestamp="2021-05-22T16:28:58 IST" time="9.588" errors="0">
  <testcase name="keyboardTest" time="9.588" classname="may22.UseKeyBoardTest"/>
  <system-out/>
</testsuite> <!-- may22.UseKeyBoardTest -->
