<?xml version="1.0" encoding="UTF-8"?>
<!-- Generated by org.testng.reporters.JUnitReportReporter -->
<testsuite hostname="DESKTOP-QNKS6OV" failures="0" tests="1" name="flipkart_may15.SearchItems" time="27.061" errors="0" timestamp="2021-05-15T23:00:48 IST" skipped="0">
  <testcase classname="flipkart_may15.SearchItems" name="testSearchItems" time="27.061"/>
  <system-out/>
</testsuite> <!-- flipkart_may15.SearchItems -->
