<?xml version="1.0" encoding="UTF-8"?>
<!-- Generated by org.testng.reporters.JUnitReportReporter -->
<testsuite hostname="DESKTOP-QNKS6OV" failures="0" tests="1" name="baesystems11g.BurgerMenuTest" time="31.299" errors="0" timestamp="2021-05-23T14:48:46 IST" skipped="0">
  <testcase classname="baesystems11g.BurgerMenuTest" name="burgermenulist" time="31.299"/>
  <system-out/>
</testsuite> <!-- baesystems11g.BurgerMenuTest -->
