<?xml version="1.0" encoding="UTF-8"?>
<!-- Generated by org.testng.reporters.JUnitReportReporter -->
<testsuite hostname="DESKTOP-QNKS6OV" failures="0" tests="1" name="baesystems11g.BAESearch" time="30.862" errors="0" timestamp="2021-05-22T12:15:51 IST" skipped="0">
  <testcase classname="baesystems11g.BAESearch" name="searchclick" time="30.862"/>
  <system-out/>
</testsuite> <!-- baesystems11g.BAESearch -->
