<?xml version="1.0" encoding="UTF-8"?>
<!-- Generated by org.testng.reporters.JUnitReportReporter -->
<testsuite hostname="Kamal-PC1" failures="0" tests="1" name="org.assignment.project.Snapdeal" time="13.148" errors="0" timestamp="2021-06-06T11:45:26 IST" skipped="0">
  <testcase classname="org.assignment.project.Snapdeal" name="Snapdeallogin" time="13.148"/>
  <system-out/>
</testsuite> <!-- org.assignment.project.Snapdeal -->
