<?xml version="1.0" encoding="UTF-8"?>
<!-- Generated by org.testng.reporters.JUnitReportReporter -->
<testsuite hostname="DESKTOP-QNKS6OV" failures="0" tests="1" name="baesystems11g.RFSearchTest" time="27.161" errors="0" timestamp="2021-05-16T14:57:40 IST" skipped="0">
  <testcase classname="baesystems11g.RFSearchTest" name="pagecheck" time="27.161"/>
  <system-out/>
</testsuite> <!-- baesystems11g.RFSearchTest -->
