<?xml version="1.0" encoding="UTF-8"?>
<!-- Generated by org.testng.reporters.JUnitReportReporter -->
<testsuite skipped="0" hostname="DESKTOP-MP9K177" name="snapdeal_2305.SnapDeal" tests="1" failures="0" timestamp="2021-06-05T16:58:07 IST" time="27.266" errors="0">
  <testcase name="SdLogin" time="27.266" classname="snapdeal_2305.SnapDeal"/>
</testsuite> <!-- snapdeal_2305.SnapDeal -->
