<?xml version="1.0" encoding="UTF-8"?>
<!-- Generated by org.testng.reporters.JUnitReportReporter -->
<testsuite hostname="Kamal-PC1" failures="0" tests="1" name="flipkart_may15.FaceBook_NewAccountTest" time="11.089" errors="0" timestamp="2021-05-22T15:53:34 IST" skipped="0">
  <testcase classname="flipkart_may15.FaceBook_NewAccountTest" name="facebookNewAccountTest" time="11.089"/>
  <system-out/>
</testsuite> <!-- flipkart_may15.FaceBook_NewAccountTest -->
